<?xml version="1.0" encoding="UTF-8"?>
<!-- Generated by org.testng.reporters.JUnitReportReporter -->
<testsuite hostname="DESKTOP-ISPT6SK" failures="0" tests="1" name="com.testcases.TestCase_01" time="4.560" errors="0" timestamp="2022-08-07T12:17:36 IST" skipped="0">
  <testcase classname="com.testcases.TestCase_01" name="testcase_01" time="4.560"/>
  <system-out/>
</testsuite> <!-- com.testcases.TestCase_01 -->
